<?xml version="1.0" encoding="UTF-8"?>
<!-- Generated by org.testng.reporters.JUnitXMLReporter -->
<testsuite ignored="17" hostname="DESKTOP-QPVJ0NK" failures="0" tests="1" name="Default test" time="4.265" errors="0" timestamp="2022-07-01T19:42:00 BST">
  <testcase classname="com.bridgelabz.spotify.spotifyApi" name="get_Playlist_Items" time="4.212"/>
  <testcase classname="com.bridgelabz.spotify.spotifyApi" name="get_Playlist" time="0.0">
    <ignored/>
  </testcase> <!-- get_Playlist -->
  <testcase classname="com.bridgelabz.spotify.spotifyApi" name="Get_Track_Audio_Features" time="0.0">
    <ignored/>
  </testcase> <!-- Get_Track_Audio_Features -->
  <testcase classname="com.bridgelabz.spotify.spotifyApi" name="getPlaylistCoverImage" time="0.0">
    <ignored/>
  </testcase> <!-- getPlaylistCoverImage -->
  <testcase classname="com.bridgelabz.spotify.spotifyApi" name="updatePlaylist" time="0.0">
    <ignored/>
  </testcase> <!-- updatePlaylist -->
  <testcase classname="com.bridgelabz.spotify.spotifyApi" name="testGet_Users_Profile" time="0.0">
    <ignored/>
  </testcase> <!-- testGet_Users_Profile -->
  <testcase classname="com.bridgelabz.spotify.spotifyApi" name="Track_Audio_Analysis" time="0.0">
    <ignored/>
  </testcase> <!-- Track_Audio_Analysis -->
  <testcase classname="com.bridgelabz.spotify.spotifyApi" name="testGet_CurrentUsersProfile" time="0.0">
    <ignored/>
  </testcase> <!-- testGet_CurrentUsersProfile -->
  <testcase classname="com.bridgelabz.spotify.spotifyApi" name="test_Get_currentuserprofile_shouldReturn_statuscode200" time="0.0">
    <ignored/>
  </testcase> <!-- test_Get_currentuserprofile_shouldReturn_statuscode200 -->
  <testcase classname="com.bridgelabz.spotify.spotifyApi" name="GetUserPlaylist" time="0.0">
    <ignored/>
  </testcase> <!-- GetUserPlaylist -->
  <testcase classname="com.bridgelabz.spotify.spotifyApi" name="Get_Tracks" time="0.0">
    <ignored/>
  </testcase> <!-- Get_Tracks -->
  <testcase classname="com.bridgelabz.spotify.spotifyApi" name="createPlaylist" time="0.0">
    <ignored/>
  </testcase> <!-- createPlaylist -->
  <testcase classname="com.bridgelabz.spotify.spotifyApi" name="AdditemToPlaylist" time="0.0">
    <ignored/>
  </testcase> <!-- AdditemToPlaylist -->
  <testcase classname="com.bridgelabz.spotify.spotifyApi" name="removed_Playlist_Items" time="0.0">
    <ignored/>
  </testcase> <!-- removed_Playlist_Items -->
  <testcase classname="com.bridgelabz.spotify.spotifyApi" name="Get_Several_Tracks" time="0.0">
    <ignored/>
  </testcase> <!-- Get_Several_Tracks -->
  <testcase classname="com.bridgelabz.spotify.spotifyApi" name="GetTrack_Audio_Features" time="0.0">
    <ignored/>
  </testcase> <!-- GetTrack_Audio_Features -->
  <testcase classname="com.bridgelabz.spotify.spotifyApi" name="SearchForitem" time="0.0">
    <ignored/>
  </testcase> <!-- SearchForitem -->
  <testcase classname="com.bridgelabz.spotify.spotifyApi" name="change_Playlist_Details" time="0.0">
    <ignored/>
  </testcase> <!-- change_Playlist_Details -->
</testsuite> <!-- Default test -->
